Performing C SOURCE FILE Test CMAKE_HAVE_LIBC_PTHREAD failed with the following output:
Change Dir: /home/bot/algorithms/digital/build/CMakeFiles/CMakeTmp

Run Build Command(s):/usr/bin/make cmTC_23a7a/fast && /usr/bin/make -f CMakeFiles/cmTC_23a7a.dir/build.make CMakeFiles/cmTC_23a7a.dir/build
make[1]: Entering directory '/home/bot/algorithms/digital/build/CMakeFiles/CMakeTmp'
Building C object CMakeFiles/cmTC_23a7a.dir/src.c.o
/usr/bin/cc   -DCMAKE_HAVE_LIBC_PTHREAD   -o CMakeFiles/cmTC_23a7a.dir/src.c.o   -c /home/bot/algorithms/digital/build/CMakeFiles/CMakeTmp/src.c
Linking C executable cmTC_23a7a
/usr/bin/cmake -E cmake_link_script CMakeFiles/cmTC_23a7a.dir/link.txt --verbose=1
/usr/bin/cc  -DCMAKE_HAVE_LIBC_PTHREAD    CMakeFiles/cmTC_23a7a.dir/src.c.o  -o cmTC_23a7a 
/usr/bin/ld: CMakeFiles/cmTC_23a7a.dir/src.c.o: in function `main':
src.c:(.text+0x46): undefined reference to `pthread_create'
/usr/bin/ld: src.c:(.text+0x52): undefined reference to `pthread_detach'
/usr/bin/ld: src.c:(.text+0x63): undefined reference to `pthread_join'
collect2: error: ld returned 1 exit status
make[1]: *** [CMakeFiles/cmTC_23a7a.dir/build.make:87: cmTC_23a7a] Error 1
make[1]: Leaving directory '/home/bot/algorithms/digital/build/CMakeFiles/CMakeTmp'
make: *** [Makefile:121: cmTC_23a7a/fast] Error 2


Source file was:
#include <pthread.h>

void* test_func(void* data)
{
  return data;
}

int main(void)
{
  pthread_t thread;
  pthread_create(&thread, NULL, test_func, NULL);
  pthread_detach(thread);
  pthread_join(thread, NULL);
  pthread_atfork(NULL, NULL, NULL);
  pthread_exit(NULL);

  return 0;
}

Determining if the function pthread_create exists in the pthreads failed with the following output:
Change Dir: /home/bot/algorithms/digital/build/CMakeFiles/CMakeTmp

Run Build Command(s):/usr/bin/make cmTC_f74c2/fast && /usr/bin/make -f CMakeFiles/cmTC_f74c2.dir/build.make CMakeFiles/cmTC_f74c2.dir/build
make[1]: Entering directory '/home/bot/algorithms/digital/build/CMakeFiles/CMakeTmp'
Building C object CMakeFiles/cmTC_f74c2.dir/CheckFunctionExists.c.o
/usr/bin/cc   -DCHECK_FUNCTION_EXISTS=pthread_create   -o CMakeFiles/cmTC_f74c2.dir/CheckFunctionExists.c.o   -c /usr/share/cmake-3.16/Modules/CheckFunctionExists.c
Linking C executable cmTC_f74c2
/usr/bin/cmake -E cmake_link_script CMakeFiles/cmTC_f74c2.dir/link.txt --verbose=1
/usr/bin/cc  -DCHECK_FUNCTION_EXISTS=pthread_create    CMakeFiles/cmTC_f74c2.dir/CheckFunctionExists.c.o  -o cmTC_f74c2  -lpthreads 
/usr/bin/ld: cannot find -lpthreads
collect2: error: ld returned 1 exit status
make[1]: *** [CMakeFiles/cmTC_f74c2.dir/build.make:87: cmTC_f74c2] Error 1
make[1]: Leaving directory '/home/bot/algorithms/digital/build/CMakeFiles/CMakeTmp'
make: *** [Makefile:121: cmTC_f74c2/fast] Error 2



Performing C SOURCE FILE Test CMAKE_HAVE_LIBC_PTHREAD failed with the following output:
Change Dir: /home/bot/algorithms/digital/build/CMakeFiles/CMakeTmp

Run Build Command(s):/usr/bin/make cmTC_7e38d/fast && make[1]: Entering directory '/home/bot/algorithms/digital/build/CMakeFiles/CMakeTmp'
/usr/bin/make -f CMakeFiles/cmTC_7e38d.dir/build.make CMakeFiles/cmTC_7e38d.dir/build
make[2]: Entering directory '/home/bot/algorithms/digital/build/CMakeFiles/CMakeTmp'
Building C object CMakeFiles/cmTC_7e38d.dir/src.c.o
/usr/bin/cc   -DCMAKE_HAVE_LIBC_PTHREAD   -o CMakeFiles/cmTC_7e38d.dir/src.c.o   -c /home/bot/algorithms/digital/build/CMakeFiles/CMakeTmp/src.c
Linking C executable cmTC_7e38d
/usr/bin/cmake -E cmake_link_script CMakeFiles/cmTC_7e38d.dir/link.txt --verbose=1
/usr/bin/cc  -DCMAKE_HAVE_LIBC_PTHREAD    CMakeFiles/cmTC_7e38d.dir/src.c.o  -o cmTC_7e38d 
/usr/bin/ld: CMakeFiles/cmTC_7e38d.dir/src.c.o: in function `main':
src.c:(.text+0x46): undefined reference to `pthread_create'
/usr/bin/ld: src.c:(.text+0x52): undefined reference to `pthread_detach'
/usr/bin/ld: src.c:(.text+0x63): undefined reference to `pthread_join'
collect2: error: ld returned 1 exit status
make[2]: *** [CMakeFiles/cmTC_7e38d.dir/build.make:87: cmTC_7e38d] Error 1
make[2]: Leaving directory '/home/bot/algorithms/digital/build/CMakeFiles/CMakeTmp'
make[1]: *** [Makefile:121: cmTC_7e38d/fast] Error 2
make[1]: Leaving directory '/home/bot/algorithms/digital/build/CMakeFiles/CMakeTmp'


Source file was:
#include <pthread.h>

void* test_func(void* data)
{
  return data;
}

int main(void)
{
  pthread_t thread;
  pthread_create(&thread, NULL, test_func, NULL);
  pthread_detach(thread);
  pthread_join(thread, NULL);
  pthread_atfork(NULL, NULL, NULL);
  pthread_exit(NULL);

  return 0;
}

Determining if the function pthread_create exists in the pthreads failed with the following output:
Change Dir: /home/bot/algorithms/digital/build/CMakeFiles/CMakeTmp

Run Build Command(s):/usr/bin/make cmTC_89a95/fast && make[1]: Entering directory '/home/bot/algorithms/digital/build/CMakeFiles/CMakeTmp'
/usr/bin/make -f CMakeFiles/cmTC_89a95.dir/build.make CMakeFiles/cmTC_89a95.dir/build
make[2]: Entering directory '/home/bot/algorithms/digital/build/CMakeFiles/CMakeTmp'
Building C object CMakeFiles/cmTC_89a95.dir/CheckFunctionExists.c.o
/usr/bin/cc   -DCHECK_FUNCTION_EXISTS=pthread_create   -o CMakeFiles/cmTC_89a95.dir/CheckFunctionExists.c.o   -c /usr/share/cmake-3.16/Modules/CheckFunctionExists.c
Linking C executable cmTC_89a95
/usr/bin/cmake -E cmake_link_script CMakeFiles/cmTC_89a95.dir/link.txt --verbose=1
/usr/bin/cc  -DCHECK_FUNCTION_EXISTS=pthread_create    CMakeFiles/cmTC_89a95.dir/CheckFunctionExists.c.o  -o cmTC_89a95  -lpthreads 
/usr/bin/ld: cannot find -lpthreads
collect2: error: ld returned 1 exit status
make[2]: *** [CMakeFiles/cmTC_89a95.dir/build.make:87: cmTC_89a95] Error 1
make[2]: Leaving directory '/home/bot/algorithms/digital/build/CMakeFiles/CMakeTmp'
make[1]: *** [Makefile:121: cmTC_89a95/fast] Error 2
make[1]: Leaving directory '/home/bot/algorithms/digital/build/CMakeFiles/CMakeTmp'



Performing C SOURCE FILE Test CMAKE_HAVE_LIBC_PTHREAD failed with the following output:
Change Dir: /home/bot/algorithms/digital/build/CMakeFiles/CMakeTmp

Run Build Command(s):/usr/bin/make cmTC_f60da/fast && make[1]: Entering directory '/home/bot/algorithms/digital/build/CMakeFiles/CMakeTmp'
/usr/bin/make -f CMakeFiles/cmTC_f60da.dir/build.make CMakeFiles/cmTC_f60da.dir/build
make[2]: Entering directory '/home/bot/algorithms/digital/build/CMakeFiles/CMakeTmp'
Building C object CMakeFiles/cmTC_f60da.dir/src.c.o
/usr/bin/cc   -DCMAKE_HAVE_LIBC_PTHREAD   -o CMakeFiles/cmTC_f60da.dir/src.c.o   -c /home/bot/algorithms/digital/build/CMakeFiles/CMakeTmp/src.c
Linking C executable cmTC_f60da
/usr/bin/cmake -E cmake_link_script CMakeFiles/cmTC_f60da.dir/link.txt --verbose=1
/usr/bin/cc  -DCMAKE_HAVE_LIBC_PTHREAD    CMakeFiles/cmTC_f60da.dir/src.c.o  -o cmTC_f60da 
/usr/bin/ld: CMakeFiles/cmTC_f60da.dir/src.c.o: in function `main':
src.c:(.text+0x46): undefined reference to `pthread_create'
/usr/bin/ld: src.c:(.text+0x52): undefined reference to `pthread_detach'
/usr/bin/ld: src.c:(.text+0x63): undefined reference to `pthread_join'
collect2: error: ld returned 1 exit status
make[2]: *** [CMakeFiles/cmTC_f60da.dir/build.make:87: cmTC_f60da] Error 1
make[2]: Leaving directory '/home/bot/algorithms/digital/build/CMakeFiles/CMakeTmp'
make[1]: *** [Makefile:121: cmTC_f60da/fast] Error 2
make[1]: Leaving directory '/home/bot/algorithms/digital/build/CMakeFiles/CMakeTmp'


Source file was:
#include <pthread.h>

void* test_func(void* data)
{
  return data;
}

int main(void)
{
  pthread_t thread;
  pthread_create(&thread, NULL, test_func, NULL);
  pthread_detach(thread);
  pthread_join(thread, NULL);
  pthread_atfork(NULL, NULL, NULL);
  pthread_exit(NULL);

  return 0;
}

Determining if the function pthread_create exists in the pthreads failed with the following output:
Change Dir: /home/bot/algorithms/digital/build/CMakeFiles/CMakeTmp

Run Build Command(s):/usr/bin/make cmTC_791e7/fast && make[1]: Entering directory '/home/bot/algorithms/digital/build/CMakeFiles/CMakeTmp'
/usr/bin/make -f CMakeFiles/cmTC_791e7.dir/build.make CMakeFiles/cmTC_791e7.dir/build
make[2]: Entering directory '/home/bot/algorithms/digital/build/CMakeFiles/CMakeTmp'
Building C object CMakeFiles/cmTC_791e7.dir/CheckFunctionExists.c.o
/usr/bin/cc   -DCHECK_FUNCTION_EXISTS=pthread_create   -o CMakeFiles/cmTC_791e7.dir/CheckFunctionExists.c.o   -c /usr/share/cmake-3.16/Modules/CheckFunctionExists.c
Linking C executable cmTC_791e7
/usr/bin/cmake -E cmake_link_script CMakeFiles/cmTC_791e7.dir/link.txt --verbose=1
/usr/bin/cc  -DCHECK_FUNCTION_EXISTS=pthread_create    CMakeFiles/cmTC_791e7.dir/CheckFunctionExists.c.o  -o cmTC_791e7  -lpthreads 
/usr/bin/ld: cannot find -lpthreads
collect2: error: ld returned 1 exit status
make[2]: *** [CMakeFiles/cmTC_791e7.dir/build.make:87: cmTC_791e7] Error 1
make[2]: Leaving directory '/home/bot/algorithms/digital/build/CMakeFiles/CMakeTmp'
make[1]: *** [Makefile:121: cmTC_791e7/fast] Error 2
make[1]: Leaving directory '/home/bot/algorithms/digital/build/CMakeFiles/CMakeTmp'



